<?xml version="1.0" encoding="UTF-8"?>
<testsuites tests="4" failures="4" disabled="0" errors="0" time="0.319" timestamp="2025-09-13T16:27:16.565" name="AllTests">
  <testsuite name="GatewayE2EPerfTest" tests="4" failures="4" disabled="0" skipped="0" errors="0" time="0.319" timestamp="2025-09-13T16:27:16.565">
    <testcase name="HttpSendMessage_Success" file="/home/myself/workspace/MyChat/test/gateway/gateway_e2e_performance_test.cpp" line="144" status="run" result="completed" time="0.111" timestamp="2025-09-13T16:27:16.565" classname="GatewayE2EPerfTest">
      <failure message="/home/myself/workspace/MyChat/test/gateway/gateway_e2e_performance_test.cpp:144&#x0A;Value of: http_send_message_once(200)&#x0A;  Actual: false&#x0A;Expected: true&#x0A;" type=""><![CDATA[/home/myself/workspace/MyChat/test/gateway/gateway_e2e_performance_test.cpp:144
Value of: http_send_message_once(200)
  Actual: false
Expected: true
]]></failure>
    </testcase>
    <testcase name="HttpSendMessage_InvalidToken" file="/home/myself/workspace/MyChat/test/gateway/gateway_e2e_performance_test.cpp" line="147" status="run" result="completed" time="0.071" timestamp="2025-09-13T16:27:16.676" classname="GatewayE2EPerfTest">
      <failure message="/home/myself/workspace/MyChat/test/gateway/gateway_e2e_performance_test.cpp:153&#x0A;Value of: ok&#x0A;  Actual: false&#x0A;Expected: true&#x0A;" type=""><![CDATA[/home/myself/workspace/MyChat/test/gateway/gateway_e2e_performance_test.cpp:153
Value of: ok
  Actual: false
Expected: true
]]></failure>
    </testcase>
    <testcase name="Perf_Serial_Requests" file="/home/myself/workspace/MyChat/test/gateway/gateway_e2e_performance_test.cpp" line="157" status="run" result="completed" time="0.068" timestamp="2025-09-13T16:27:16.748" classname="GatewayE2EPerfTest">
      <failure message="/home/myself/workspace/MyChat/test/gateway/gateway_e2e_performance_test.cpp:161&#x0A;Value of: http_send_message_once(200)&#x0A;  Actual: false&#x0A;Expected: true&#x0A;" type=""><![CDATA[/home/myself/workspace/MyChat/test/gateway/gateway_e2e_performance_test.cpp:161
Value of: http_send_message_once(200)
  Actual: false
Expected: true
]]></failure>
    </testcase>
    <testcase name="Perf_Concurrent_Requests" file="/home/myself/workspace/MyChat/test/gateway/gateway_e2e_performance_test.cpp" line="180" status="run" result="completed" time="0.067" timestamp="2025-09-13T16:27:16.817" classname="GatewayE2EPerfTest">
      <failure message="/home/myself/workspace/MyChat/test/gateway/gateway_e2e_performance_test.cpp:185&#x0A;Value of: http_send_message_once(200)&#x0A;  Actual: false&#x0A;Expected: true&#x0A;" type=""><![CDATA[/home/myself/workspace/MyChat/test/gateway/gateway_e2e_performance_test.cpp:185
Value of: http_send_message_once(200)
  Actual: false
Expected: true
]]></failure>
    </testcase>
  </testsuite>
</testsuites>
